0 info it worked if it ends with ok
1 verbose cli [ '/usr/bin/nodejs', '/usr/bin/npm', 'install', '-g', 'loadtest' ]
2 info using npm@3.5.2
3 info using node@v4.2.6
4 silly loadCurrentTree Starting
5 silly install loadCurrentTree
6 silly install readGlobalPackageData
7 silly fetchPackageMetaData loadtest
8 silly fetchNamedPackageData loadtest
9 silly mapToRegistry name loadtest
10 silly mapToRegistry using default registry
11 silly mapToRegistry registry https://registry.npmjs.org/
12 silly mapToRegistry uri https://registry.npmjs.org/loadtest
13 verbose request uri https://registry.npmjs.org/loadtest
14 verbose request no auth needed
15 info attempt registry request try #1 at 5:40:36 PM
16 verbose request id f7577852e6c7252e
17 http request GET https://registry.npmjs.org/loadtest
18 http 200 https://registry.npmjs.org/loadtest
19 verbose headers { date: 'Sun, 29 Mar 2020 12:10:37 GMT',
19 verbose headers   'content-type': 'application/json',
19 verbose headers   'transfer-encoding': 'chunked',
19 verbose headers   connection: 'keep-alive',
19 verbose headers   'set-cookie': [ '__cfduid=d5e192d01576c937704d78914731abda31585483836; expires=Tue, 28-Apr-20 12:10:36 GMT; path=/; domain=.npmjs.org; HttpOnly; SameSite=Lax' ],
19 verbose headers   'cf-ray': '57b97d19589ce26c-SIN',
19 verbose headers   'cache-control': 'public, max-age=300',
19 verbose headers   etag: 'W/"fc91798e365baab83340c5a79239a5f1"',
19 verbose headers   'last-modified': 'Mon, 23 Mar 2020 07:13:18 GMT',
19 verbose headers   vary: 'accept-encoding, accept',
19 verbose headers   'cf-cache-status': 'MISS',
19 verbose headers   'expect-ct': 'max-age=604800, report-uri="https://report-uri.cloudflare.com/cdn-cgi/beacon/expect-ct"',
19 verbose headers   server: 'cloudflare',
19 verbose headers   'content-encoding': 'gzip' }
20 silly get cb [ 200,
20 silly get   { date: 'Sun, 29 Mar 2020 12:10:37 GMT',
20 silly get     'content-type': 'application/json',
20 silly get     'transfer-encoding': 'chunked',
20 silly get     connection: 'keep-alive',
20 silly get     'set-cookie': [ '__cfduid=d5e192d01576c937704d78914731abda31585483836; expires=Tue, 28-Apr-20 12:10:36 GMT; path=/; domain=.npmjs.org; HttpOnly; SameSite=Lax' ],
20 silly get     'cf-ray': '57b97d19589ce26c-SIN',
20 silly get     'cache-control': 'public, max-age=300',
20 silly get     etag: 'W/"fc91798e365baab83340c5a79239a5f1"',
20 silly get     'last-modified': 'Mon, 23 Mar 2020 07:13:18 GMT',
20 silly get     vary: 'accept-encoding, accept',
20 silly get     'cf-cache-status': 'MISS',
20 silly get     'expect-ct': 'max-age=604800, report-uri="https://report-uri.cloudflare.com/cdn-cgi/beacon/expect-ct"',
20 silly get     server: 'cloudflare',
20 silly get     'content-encoding': 'gzip' } ]
21 verbose get saving loadtest to /home/gslab/.npm/registry.npmjs.org/loadtest/.cache.json
22 silly install normalizeTree
23 silly loadCurrentTree Finishing
24 silly loadIdealTree Starting
25 silly install loadIdealTree
26 silly cloneCurrentTree Starting
27 silly install cloneCurrentTreeToIdealTree
28 silly cloneCurrentTree Finishing
29 silly loadShrinkwrap Starting
30 silly install loadShrinkwrap
31 silly loadShrinkwrap Finishing
32 silly loadAllDepsIntoIdealTree Starting
33 silly install loadAllDepsIntoIdealTree
34 silly resolveWithNewModule loadtest@5.0.1 checking installable status
35 silly cache add args [ 'loadtest', null ]
36 verbose cache add spec loadtest
37 silly cache add parsed spec Result {
37 silly cache add   raw: 'loadtest',
37 silly cache add   scope: null,
37 silly cache add   name: 'loadtest',
37 silly cache add   rawSpec: '',
37 silly cache add   spec: 'latest',
37 silly cache add   type: 'tag' }
38 silly addNamed loadtest@latest
39 verbose addNamed "latest" is being treated as a dist-tag for loadtest
40 info addNameTag [ 'loadtest', 'latest' ]
41 silly mapToRegistry name loadtest
42 silly mapToRegistry using default registry
43 silly mapToRegistry registry https://registry.npmjs.org/
44 silly mapToRegistry uri https://registry.npmjs.org/loadtest
45 verbose addNameTag registry:https://registry.npmjs.org/loadtest not in flight; fetching
46 verbose get https://registry.npmjs.org/loadtest not expired, no request
47 silly addNameTag next cb for loadtest with tag latest
48 silly addNamed loadtest@5.0.1
49 verbose addNamed "5.0.1" is a plain semver version for loadtest
50 silly mapToRegistry name loadtest
51 silly mapToRegistry using default registry
52 silly mapToRegistry registry https://registry.npmjs.org/
53 silly mapToRegistry uri https://registry.npmjs.org/loadtest
54 verbose addRemoteTarball https://registry.npmjs.org/loadtest/-/loadtest-5.0.1.tgz not in flight; adding
55 verbose addRemoteTarball [ 'https://registry.npmjs.org/loadtest/-/loadtest-5.0.1.tgz',
55 verbose addRemoteTarball   '1f02cb329aa817f55ec3b51d7a0c432db6153a18' ]
56 info retry fetch attempt 1 at 5:40:38 PM
57 info attempt registry request try #1 at 5:40:38 PM
58 http fetch GET https://registry.npmjs.org/loadtest/-/loadtest-5.0.1.tgz
59 http fetch 200 https://registry.npmjs.org/loadtest/-/loadtest-5.0.1.tgz
60 silly fetchAndShaCheck shasum 1f02cb329aa817f55ec3b51d7a0c432db6153a18
61 verbose addTmpTarball /tmp/npm-13975-e5bdd8ca/registry.npmjs.org/loadtest/-/loadtest-5.0.1.tgz not in flight; adding
62 verbose addTmpTarball already have metadata; skipping unpack for loadtest@5.0.1
63 silly cache afterAdd loadtest@5.0.1
64 verbose afterAdd /home/gslab/.npm/loadtest/5.0.1/package/package.json not in flight; writing
65 verbose afterAdd /home/gslab/.npm/loadtest/5.0.1/package/package.json written
66 silly fetchNamedPackageData agentkeepalive
67 silly mapToRegistry name agentkeepalive
68 silly mapToRegistry using default registry
69 silly mapToRegistry registry https://registry.npmjs.org/
70 silly mapToRegistry uri https://registry.npmjs.org/agentkeepalive
71 silly fetchNamedPackageData confinode
72 silly mapToRegistry name confinode
73 silly mapToRegistry using default registry
74 silly mapToRegistry registry https://registry.npmjs.org/
75 silly mapToRegistry uri https://registry.npmjs.org/confinode
76 silly fetchNamedPackageData https-proxy-agent
77 silly mapToRegistry name https-proxy-agent
78 silly mapToRegistry using default registry
79 silly mapToRegistry registry https://registry.npmjs.org/
80 silly mapToRegistry uri https://registry.npmjs.org/https-proxy-agent
81 silly fetchNamedPackageData log
82 silly mapToRegistry name log
83 silly mapToRegistry using default registry
84 silly mapToRegistry registry https://registry.npmjs.org/
85 silly mapToRegistry uri https://registry.npmjs.org/log
86 silly fetchNamedPackageData stdio
87 silly mapToRegistry name stdio
88 silly mapToRegistry using default registry
89 silly mapToRegistry registry https://registry.npmjs.org/
90 silly mapToRegistry uri https://registry.npmjs.org/stdio
91 silly fetchNamedPackageData testing
92 silly mapToRegistry name testing
93 silly mapToRegistry using default registry
94 silly mapToRegistry registry https://registry.npmjs.org/
95 silly mapToRegistry uri https://registry.npmjs.org/testing
96 silly fetchNamedPackageData websocket
97 silly mapToRegistry name websocket
98 silly mapToRegistry using default registry
99 silly mapToRegistry registry https://registry.npmjs.org/
100 silly mapToRegistry uri https://registry.npmjs.org/websocket
101 verbose request uri https://registry.npmjs.org/agentkeepalive
102 verbose request no auth needed
103 info attempt registry request try #1 at 5:40:38 PM
104 http request GET https://registry.npmjs.org/agentkeepalive
105 verbose request uri https://registry.npmjs.org/confinode
106 verbose request no auth needed
107 info attempt registry request try #1 at 5:40:38 PM
108 http request GET https://registry.npmjs.org/confinode
109 verbose request uri https://registry.npmjs.org/https-proxy-agent
110 verbose request no auth needed
111 info attempt registry request try #1 at 5:40:38 PM
112 http request GET https://registry.npmjs.org/https-proxy-agent
113 verbose request uri https://registry.npmjs.org/log
114 verbose request no auth needed
115 info attempt registry request try #1 at 5:40:38 PM
116 http request GET https://registry.npmjs.org/log
117 verbose request uri https://registry.npmjs.org/stdio
118 verbose request no auth needed
119 info attempt registry request try #1 at 5:40:38 PM
120 http request GET https://registry.npmjs.org/stdio
121 verbose request uri https://registry.npmjs.org/testing
122 verbose request no auth needed
123 info attempt registry request try #1 at 5:40:38 PM
124 http request GET https://registry.npmjs.org/testing
125 verbose request uri https://registry.npmjs.org/websocket
126 verbose request no auth needed
127 info attempt registry request try #1 at 5:40:38 PM
128 http request GET https://registry.npmjs.org/websocket
129 http 200 https://registry.npmjs.org/https-proxy-agent
130 verbose headers { date: 'Sun, 29 Mar 2020 12:10:38 GMT',
130 verbose headers   'content-type': 'application/json',
130 verbose headers   'transfer-encoding': 'chunked',
130 verbose headers   connection: 'keep-alive',
130 verbose headers   'set-cookie': [ '__cfduid=d3b2b0e1859adc126acaa2007cf8483ac1585483838; expires=Tue, 28-Apr-20 12:10:38 GMT; path=/; domain=.npmjs.org; HttpOnly; SameSite=Lax' ],
130 verbose headers   'cf-ray': '57b97d256effe129-BOM',
130 verbose headers   age: '4112',
130 verbose headers   'cache-control': 'public, max-age=300',
130 verbose headers   etag: 'W/"d97d932302e02f600c6b6d746aeb1778"',
130 verbose headers   'last-modified': 'Fri, 07 Feb 2020 20:15:22 GMT',
130 verbose headers   vary: 'accept-encoding, accept',
130 verbose headers   'cf-cache-status': 'HIT',
130 verbose headers   'expect-ct': 'max-age=604800, report-uri="https://report-uri.cloudflare.com/cdn-cgi/beacon/expect-ct"',
130 verbose headers   server: 'cloudflare',
130 verbose headers   'content-encoding': 'gzip' }
131 silly get cb [ 200,
131 silly get   { date: 'Sun, 29 Mar 2020 12:10:38 GMT',
131 silly get     'content-type': 'application/json',
131 silly get     'transfer-encoding': 'chunked',
131 silly get     connection: 'keep-alive',
131 silly get     'set-cookie': [ '__cfduid=d3b2b0e1859adc126acaa2007cf8483ac1585483838; expires=Tue, 28-Apr-20 12:10:38 GMT; path=/; domain=.npmjs.org; HttpOnly; SameSite=Lax' ],
131 silly get     'cf-ray': '57b97d256effe129-BOM',
131 silly get     age: '4112',
131 silly get     'cache-control': 'public, max-age=300',
131 silly get     etag: 'W/"d97d932302e02f600c6b6d746aeb1778"',
131 silly get     'last-modified': 'Fri, 07 Feb 2020 20:15:22 GMT',
131 silly get     vary: 'accept-encoding, accept',
131 silly get     'cf-cache-status': 'HIT',
131 silly get     'expect-ct': 'max-age=604800, report-uri="https://report-uri.cloudflare.com/cdn-cgi/beacon/expect-ct"',
131 silly get     server: 'cloudflare',
131 silly get     'content-encoding': 'gzip' } ]
132 verbose get saving https-proxy-agent to /home/gslab/.npm/registry.npmjs.org/https-proxy-agent/.cache.json
133 silly resolveWithNewModule https-proxy-agent@2.2.4 checking installable status
134 silly cache add args [ 'https-proxy-agent@^2.2.1', null ]
135 verbose cache add spec https-proxy-agent@^2.2.1
136 silly cache add parsed spec Result {
136 silly cache add   raw: 'https-proxy-agent@^2.2.1',
136 silly cache add   scope: null,
136 silly cache add   name: 'https-proxy-agent',
136 silly cache add   rawSpec: '^2.2.1',
136 silly cache add   spec: '>=2.2.1 <3.0.0',
136 silly cache add   type: 'range' }
137 silly addNamed https-proxy-agent@>=2.2.1 <3.0.0
138 verbose addNamed ">=2.2.1 <3.0.0" is a valid semver range for https-proxy-agent
139 silly addNameRange { name: 'https-proxy-agent',
139 silly addNameRange   range: '>=2.2.1 <3.0.0',
139 silly addNameRange   hasData: false }
140 silly mapToRegistry name https-proxy-agent
141 silly mapToRegistry using default registry
142 silly mapToRegistry registry https://registry.npmjs.org/
143 silly mapToRegistry uri https://registry.npmjs.org/https-proxy-agent
144 verbose addNameRange registry:https://registry.npmjs.org/https-proxy-agent not in flight; fetching
145 verbose get https://registry.npmjs.org/https-proxy-agent not expired, no request
146 silly addNameRange number 2 { name: 'https-proxy-agent',
146 silly addNameRange   range: '>=2.2.1 <3.0.0',
146 silly addNameRange   hasData: true }
147 silly addNameRange versions [ 'https-proxy-agent',
147 silly addNameRange   [ '0.0.1',
147 silly addNameRange     '0.0.2',
147 silly addNameRange     '0.1.0',
147 silly addNameRange     '0.2.0',
147 silly addNameRange     '0.3.0',
147 silly addNameRange     '0.3.1',
147 silly addNameRange     '0.3.2',
147 silly addNameRange     '0.3.3',
147 silly addNameRange     '0.3.4',
147 silly addNameRange     '0.3.5',
147 silly addNameRange     '0.3.6',
147 silly addNameRange     '1.0.0',
147 silly addNameRange     '2.0.0',
147 silly addNameRange     '2.1.0',
147 silly addNameRange     '2.1.1',
147 silly addNameRange     '2.2.0',
147 silly addNameRange     '2.2.1',
147 silly addNameRange     '2.2.2',
147 silly addNameRange     '3.0.0',
147 silly addNameRange     '2.2.3',
147 silly addNameRange     '3.0.1',
147 silly addNameRange     '2.2.4',
147 silly addNameRange     '4.0.0',
147 silly addNameRange     '5.0.0' ] ]
148 silly addNamed https-proxy-agent@2.2.4
149 verbose addNamed "2.2.4" is a plain semver version for https-proxy-agent
150 silly mapToRegistry name https-proxy-agent
151 silly mapToRegistry using default registry
152 silly mapToRegistry registry https://registry.npmjs.org/
153 silly mapToRegistry uri https://registry.npmjs.org/https-proxy-agent
154 verbose addRemoteTarball https://registry.npmjs.org/https-proxy-agent/-/https-proxy-agent-2.2.4.tgz not in flight; adding
155 verbose addRemoteTarball [ 'https://registry.npmjs.org/https-proxy-agent/-/https-proxy-agent-2.2.4.tgz',
155 verbose addRemoteTarball   '4ee7a737abd92678a293d9b34a1af4d0d08c787b' ]
156 info retry fetch attempt 1 at 5:40:38 PM
157 info attempt registry request try #1 at 5:40:38 PM
158 http fetch GET https://registry.npmjs.org/https-proxy-agent/-/https-proxy-agent-2.2.4.tgz
159 http fetch 200 https://registry.npmjs.org/https-proxy-agent/-/https-proxy-agent-2.2.4.tgz
160 silly fetchAndShaCheck shasum 4ee7a737abd92678a293d9b34a1af4d0d08c787b
161 verbose addTmpTarball /tmp/npm-13975-e5bdd8ca/registry.npmjs.org/https-proxy-agent/-/https-proxy-agent-2.2.4.tgz not in flight; adding
162 verbose addTmpTarball already have metadata; skipping unpack for https-proxy-agent@2.2.4
163 silly cache afterAdd https-proxy-agent@2.2.4
164 verbose afterAdd /home/gslab/.npm/https-proxy-agent/2.2.4/package/package.json not in flight; writing
165 verbose afterAdd /home/gslab/.npm/https-proxy-agent/2.2.4/package/package.json written
166 http 200 https://registry.npmjs.org/agentkeepalive
167 verbose headers { date: 'Sun, 29 Mar 2020 12:10:39 GMT',
167 verbose headers   'content-type': 'application/json',
167 verbose headers   'transfer-encoding': 'chunked',
167 verbose headers   connection: 'keep-alive',
167 verbose headers   'set-cookie': [ '__cfduid=d5172b449dd9e6fb147287cd7c81d24d41585483838; expires=Tue, 28-Apr-20 12:10:38 GMT; path=/; domain=.npmjs.org; HttpOnly; SameSite=Lax' ],
167 verbose headers   'cf-ray': '57b97d256efee14e-BOM',
167 verbose headers   'cache-control': 'public, max-age=300',
167 verbose headers   etag: 'W/"e1352fa68615ae2c2946079459fd4681"',
167 verbose headers   'last-modified': 'Sat, 12 Oct 2019 08:42:22 GMT',
167 verbose headers   vary: 'accept-encoding, accept',
167 verbose headers   'cf-cache-status': 'REVALIDATED',
167 verbose headers   'expect-ct': 'max-age=604800, report-uri="https://report-uri.cloudflare.com/cdn-cgi/beacon/expect-ct"',
167 verbose headers   server: 'cloudflare',
167 verbose headers   'content-encoding': 'gzip' }
168 silly get cb [ 200,
168 silly get   { date: 'Sun, 29 Mar 2020 12:10:39 GMT',
168 silly get     'content-type': 'application/json',
168 silly get     'transfer-encoding': 'chunked',
168 silly get     connection: 'keep-alive',
168 silly get     'set-cookie': [ '__cfduid=d5172b449dd9e6fb147287cd7c81d24d41585483838; expires=Tue, 28-Apr-20 12:10:38 GMT; path=/; domain=.npmjs.org; HttpOnly; SameSite=Lax' ],
168 silly get     'cf-ray': '57b97d256efee14e-BOM',
168 silly get     'cache-control': 'public, max-age=300',
168 silly get     etag: 'W/"e1352fa68615ae2c2946079459fd4681"',
168 silly get     'last-modified': 'Sat, 12 Oct 2019 08:42:22 GMT',
168 silly get     vary: 'accept-encoding, accept',
168 silly get     'cf-cache-status': 'REVALIDATED',
168 silly get     'expect-ct': 'max-age=604800, report-uri="https://report-uri.cloudflare.com/cdn-cgi/beacon/expect-ct"',
168 silly get     server: 'cloudflare',
168 silly get     'content-encoding': 'gzip' } ]
169 verbose get saving agentkeepalive to /home/gslab/.npm/registry.npmjs.org/agentkeepalive/.cache.json
170 silly resolveWithNewModule agentkeepalive@2.2.0 checking installable status
171 silly cache add args [ 'agentkeepalive@^2.0.3', null ]
172 verbose cache add spec agentkeepalive@^2.0.3
173 silly cache add parsed spec Result {
173 silly cache add   raw: 'agentkeepalive@^2.0.3',
173 silly cache add   scope: null,
173 silly cache add   name: 'agentkeepalive',
173 silly cache add   rawSpec: '^2.0.3',
173 silly cache add   spec: '>=2.0.3 <3.0.0',
173 silly cache add   type: 'range' }
174 silly addNamed agentkeepalive@>=2.0.3 <3.0.0
175 verbose addNamed ">=2.0.3 <3.0.0" is a valid semver range for agentkeepalive
176 silly addNameRange { name: 'agentkeepalive',
176 silly addNameRange   range: '>=2.0.3 <3.0.0',
176 silly addNameRange   hasData: false }
177 silly mapToRegistry name agentkeepalive
178 silly mapToRegistry using default registry
179 silly mapToRegistry registry https://registry.npmjs.org/
180 silly mapToRegistry uri https://registry.npmjs.org/agentkeepalive
181 verbose addNameRange registry:https://registry.npmjs.org/agentkeepalive not in flight; fetching
182 verbose get https://registry.npmjs.org/agentkeepalive not expired, no request
183 silly addNameRange number 2 { name: 'agentkeepalive',
183 silly addNameRange   range: '>=2.0.3 <3.0.0',
183 silly addNameRange   hasData: true }
184 silly addNameRange versions [ 'agentkeepalive',
184 silly addNameRange   [ '0.0.1',
184 silly addNameRange     '0.0.3',
184 silly addNameRange     '0.1.0',
184 silly addNameRange     '0.1.1',
184 silly addNameRange     '0.1.2',
184 silly addNameRange     '0.1.3',
184 silly addNameRange     '0.1.4',
184 silly addNameRange     '0.1.5',
184 silly addNameRange     '0.2.0',
184 silly addNameRange     '0.2.1',
184 silly addNameRange     '0.2.2',
184 silly addNameRange     '1.0.0',
184 silly addNameRange     '1.1.0',
184 silly addNameRange     '1.2.0',
184 silly addNameRange     '0.2.3',
184 silly addNameRange     '0.2.4',
184 silly addNameRange     '1.2.1',
184 silly addNameRange     '2.0.0',
184 silly addNameRange     '2.0.1',
184 silly addNameRange     '2.0.2',
184 silly addNameRange     '2.0.3',
184 silly addNameRange     '2.0.4',
184 silly addNameRange     '2.0.5',
184 silly addNameRange     '2.1.0',
184 silly addNameRange     '2.1.1',
184 silly addNameRange     '2.2.0',
184 silly addNameRange     '3.0.0',
184 silly addNameRange     '3.1.0',
184 silly addNameRange     '3.2.0',
184 silly addNameRange     '3.3.0',
184 silly addNameRange     '3.4.0',
184 silly addNameRange     '3.4.1',
184 silly addNameRange     '3.5.0',
184 silly addNameRange     '3.5.1',
184 silly addNameRange     '3.5.2',
184 silly addNameRange     '4.0.0',
184 silly addNameRange     '4.0.1',
184 silly addNameRange     '4.0.2',
184 silly addNameRange     '4.1.0' ] ]
185 silly addNamed agentkeepalive@2.2.0
186 verbose addNamed "2.2.0" is a plain semver version for agentkeepalive
187 silly mapToRegistry name agentkeepalive
188 silly mapToRegistry using default registry
189 silly mapToRegistry registry https://registry.npmjs.org/
190 silly mapToRegistry uri https://registry.npmjs.org/agentkeepalive
191 verbose addRemoteTarball https://registry.npmjs.org/agentkeepalive/-/agentkeepalive-2.2.0.tgz not in flight; adding
192 verbose addRemoteTarball [ 'https://registry.npmjs.org/agentkeepalive/-/agentkeepalive-2.2.0.tgz',
192 verbose addRemoteTarball   'c5d1bd4b129008f1163f236f86e5faea2026e2ef' ]
193 info retry fetch attempt 1 at 5:40:39 PM
194 info attempt registry request try #1 at 5:40:39 PM
195 http fetch GET https://registry.npmjs.org/agentkeepalive/-/agentkeepalive-2.2.0.tgz
196 http 200 https://registry.npmjs.org/testing
197 verbose headers { date: 'Sun, 29 Mar 2020 12:10:39 GMT',
197 verbose headers   'content-type': 'application/json',
197 verbose headers   'transfer-encoding': 'chunked',
197 verbose headers   connection: 'keep-alive',
197 verbose headers   'set-cookie': [ '__cfduid=d73537ea956936d845fc6b3fdedf492e01585483838; expires=Tue, 28-Apr-20 12:10:38 GMT; path=/; domain=.npmjs.org; HttpOnly; SameSite=Lax' ],
197 verbose headers   'cf-ray': '57b97d256c4fdf77-BOM',
197 verbose headers   'cache-control': 'public, max-age=300',
197 verbose headers   etag: 'W/"70f124eaaf402d82a99541cfd11030b8"',
197 verbose headers   'last-modified': 'Sat, 21 Dec 2019 20:57:30 GMT',
197 verbose headers   vary: 'accept-encoding, accept',
197 verbose headers   'cf-cache-status': 'REVALIDATED',
197 verbose headers   'expect-ct': 'max-age=604800, report-uri="https://report-uri.cloudflare.com/cdn-cgi/beacon/expect-ct"',
197 verbose headers   server: 'cloudflare',
197 verbose headers   'content-encoding': 'gzip' }
198 silly get cb [ 200,
198 silly get   { date: 'Sun, 29 Mar 2020 12:10:39 GMT',
198 silly get     'content-type': 'application/json',
198 silly get     'transfer-encoding': 'chunked',
198 silly get     connection: 'keep-alive',
198 silly get     'set-cookie': [ '__cfduid=d73537ea956936d845fc6b3fdedf492e01585483838; expires=Tue, 28-Apr-20 12:10:38 GMT; path=/; domain=.npmjs.org; HttpOnly; SameSite=Lax' ],
198 silly get     'cf-ray': '57b97d256c4fdf77-BOM',
198 silly get     'cache-control': 'public, max-age=300',
198 silly get     etag: 'W/"70f124eaaf402d82a99541cfd11030b8"',
198 silly get     'last-modified': 'Sat, 21 Dec 2019 20:57:30 GMT',
198 silly get     vary: 'accept-encoding, accept',
198 silly get     'cf-cache-status': 'REVALIDATED',
198 silly get     'expect-ct': 'max-age=604800, report-uri="https://report-uri.cloudflare.com/cdn-cgi/beacon/expect-ct"',
198 silly get     server: 'cloudflare',
198 silly get     'content-encoding': 'gzip' } ]
199 verbose get saving testing to /home/gslab/.npm/registry.npmjs.org/testing/.cache.json
200 silly resolveWithNewModule testing@1.1.2 checking installable status
201 silly cache add args [ 'testing@^1.1.1', null ]
202 verbose cache add spec testing@^1.1.1
203 silly cache add parsed spec Result {
203 silly cache add   raw: 'testing@^1.1.1',
203 silly cache add   scope: null,
203 silly cache add   name: 'testing',
203 silly cache add   rawSpec: '^1.1.1',
203 silly cache add   spec: '>=1.1.1 <2.0.0',
203 silly cache add   type: 'range' }
204 silly addNamed testing@>=1.1.1 <2.0.0
205 verbose addNamed ">=1.1.1 <2.0.0" is a valid semver range for testing
206 silly addNameRange { name: 'testing', range: '>=1.1.1 <2.0.0', hasData: false }
207 silly mapToRegistry name testing
208 silly mapToRegistry using default registry
209 silly mapToRegistry registry https://registry.npmjs.org/
210 silly mapToRegistry uri https://registry.npmjs.org/testing
211 verbose addNameRange registry:https://registry.npmjs.org/testing not in flight; fetching
212 verbose get https://registry.npmjs.org/testing not expired, no request
213 silly addNameRange number 2 { name: 'testing', range: '>=1.1.1 <2.0.0', hasData: true }
214 silly addNameRange versions [ 'testing',
214 silly addNameRange   [ '0.0.1',
214 silly addNameRange     '0.0.2',
214 silly addNameRange     '0.0.3',
214 silly addNameRange     '0.0.4',
214 silly addNameRange     '0.0.5',
214 silly addNameRange     '0.0.6',
214 silly addNameRange     '0.0.7',
214 silly addNameRange     '0.0.8',
214 silly addNameRange     '0.0.9',
214 silly addNameRange     '0.0.10',
214 silly addNameRange     '0.0.11',
214 silly addNameRange     '0.0.12',
214 silly addNameRange     '0.0.13',
214 silly addNameRange     '0.0.14',
214 silly addNameRange     '0.0.15',
214 silly addNameRange     '0.0.16',
214 silly addNameRange     '0.0.17',
214 silly addNameRange     '0.1.0',
214 silly addNameRange     '0.1.1',
214 silly addNameRange     '0.1.2',
214 silly addNameRange     '0.1.3',
214 silly addNameRange     '0.1.4',
214 silly addNameRange     '0.1.5',
214 silly addNameRange     '0.1.6',
214 silly addNameRange     '0.1.7',
214 silly addNameRange     '0.1.8',
214 silly addNameRange     '0.1.9',
214 silly addNameRange     '0.1.10',
214 silly addNameRange     '0.2.0',
214 silly addNameRange     '0.2.1',
214 silly addNameRange     '0.2.2',
214 silly addNameRange     '0.2.3',
214 silly addNameRange     '1.0.0',
214 silly addNameRange     '1.1.0',
214 silly addNameRange     '1.1.1',
214 silly addNameRange     '1.1.2',
214 silly addNameRange     '2.0.0',
214 silly addNameRange     '2.0.1' ] ]
215 silly addNamed testing@1.1.2
216 verbose addNamed "1.1.2" is a plain semver version for testing
217 silly mapToRegistry name testing
218 silly mapToRegistry using default registry
219 silly mapToRegistry registry https://registry.npmjs.org/
220 silly mapToRegistry uri https://registry.npmjs.org/testing
221 verbose addRemoteTarball https://registry.npmjs.org/testing/-/testing-1.1.2.tgz not in flight; adding
222 verbose addRemoteTarball [ 'https://registry.npmjs.org/testing/-/testing-1.1.2.tgz',
222 verbose addRemoteTarball   '575b123070f63c5068e943cf255dbae71c5d8ba6' ]
223 info retry fetch attempt 1 at 5:40:39 PM
224 info attempt registry request try #1 at 5:40:39 PM
225 http fetch GET https://registry.npmjs.org/testing/-/testing-1.1.2.tgz
226 http fetch 200 https://registry.npmjs.org/agentkeepalive/-/agentkeepalive-2.2.0.tgz
227 http fetch 200 https://registry.npmjs.org/testing/-/testing-1.1.2.tgz
228 silly fetchAndShaCheck shasum c5d1bd4b129008f1163f236f86e5faea2026e2ef
229 verbose addTmpTarball /tmp/npm-13975-e5bdd8ca/registry.npmjs.org/agentkeepalive/-/agentkeepalive-2.2.0.tgz not in flight; adding
230 verbose addTmpTarball already have metadata; skipping unpack for agentkeepalive@2.2.0
231 silly fetchAndShaCheck shasum 575b123070f63c5068e943cf255dbae71c5d8ba6
232 verbose addTmpTarball /tmp/npm-13975-e5bdd8ca/registry.npmjs.org/testing/-/testing-1.1.2.tgz not in flight; adding
233 verbose addTmpTarball already have metadata; skipping unpack for testing@1.1.2
234 silly cache afterAdd agentkeepalive@2.2.0
235 verbose afterAdd /home/gslab/.npm/agentkeepalive/2.2.0/package/package.json not in flight; writing
236 silly cache afterAdd testing@1.1.2
237 verbose afterAdd /home/gslab/.npm/testing/1.1.2/package/package.json not in flight; writing
238 verbose afterAdd /home/gslab/.npm/agentkeepalive/2.2.0/package/package.json written
239 verbose afterAdd /home/gslab/.npm/testing/1.1.2/package/package.json written
240 http 200 https://registry.npmjs.org/stdio
241 verbose headers { date: 'Sun, 29 Mar 2020 12:10:39 GMT',
241 verbose headers   'content-type': 'application/json',
241 verbose headers   'transfer-encoding': 'chunked',
241 verbose headers   connection: 'keep-alive',
241 verbose headers   'set-cookie': [ '__cfduid=dbc66eacd8324a75cc870cfd1c4b1cf841585483838; expires=Tue, 28-Apr-20 12:10:38 GMT; path=/; domain=.npmjs.org; HttpOnly; SameSite=Lax' ],
241 verbose headers   'cf-ray': '57b97d257dbce131-BOM',
241 verbose headers   'cache-control': 'public, max-age=300',
241 verbose headers   etag: 'W/"1d44dfc772b31b0c6367391491ea6337"',
241 verbose headers   'last-modified': 'Sat, 21 Mar 2020 10:00:55 GMT',
241 verbose headers   vary: 'accept-encoding, accept',
241 verbose headers   'cf-cache-status': 'EXPIRED',
241 verbose headers   'expect-ct': 'max-age=604800, report-uri="https://report-uri.cloudflare.com/cdn-cgi/beacon/expect-ct"',
241 verbose headers   server: 'cloudflare',
241 verbose headers   'content-encoding': 'gzip' }
242 silly get cb [ 200,
242 silly get   { date: 'Sun, 29 Mar 2020 12:10:39 GMT',
242 silly get     'content-type': 'application/json',
242 silly get     'transfer-encoding': 'chunked',
242 silly get     connection: 'keep-alive',
242 silly get     'set-cookie': [ '__cfduid=dbc66eacd8324a75cc870cfd1c4b1cf841585483838; expires=Tue, 28-Apr-20 12:10:38 GMT; path=/; domain=.npmjs.org; HttpOnly; SameSite=Lax' ],
242 silly get     'cf-ray': '57b97d257dbce131-BOM',
242 silly get     'cache-control': 'public, max-age=300',
242 silly get     etag: 'W/"1d44dfc772b31b0c6367391491ea6337"',
242 silly get     'last-modified': 'Sat, 21 Mar 2020 10:00:55 GMT',
242 silly get     vary: 'accept-encoding, accept',
242 silly get     'cf-cache-status': 'EXPIRED',
242 silly get     'expect-ct': 'max-age=604800, report-uri="https://report-uri.cloudflare.com/cdn-cgi/beacon/expect-ct"',
242 silly get     server: 'cloudflare',
242 silly get     'content-encoding': 'gzip' } ]
243 verbose get saving stdio to /home/gslab/.npm/registry.npmjs.org/stdio/.cache.json
244 http 200 https://registry.npmjs.org/log
245 verbose headers { date: 'Sun, 29 Mar 2020 12:10:39 GMT',
245 verbose headers   'content-type': 'application/json',
245 verbose headers   'transfer-encoding': 'chunked',
245 verbose headers   connection: 'keep-alive',
245 verbose headers   'set-cookie': [ '__cfduid=d352b1ee8f5b4533481000241cab3cb9e1585483838; expires=Tue, 28-Apr-20 12:10:38 GMT; path=/; domain=.npmjs.org; HttpOnly; SameSite=Lax' ],
245 verbose headers   'cf-ray': '57b97d256b17df57-BOM',
245 verbose headers   'cache-control': 'public, max-age=300',
245 verbose headers   etag: 'W/"1d876616476f98c21a808578d76a2b0d"',
245 verbose headers   'last-modified': 'Wed, 10 Apr 2019 12:06:08 GMT',
245 verbose headers   vary: 'accept-encoding, accept',
245 verbose headers   'cf-cache-status': 'EXPIRED',
245 verbose headers   'expect-ct': 'max-age=604800, report-uri="https://report-uri.cloudflare.com/cdn-cgi/beacon/expect-ct"',
245 verbose headers   server: 'cloudflare',
245 verbose headers   'content-encoding': 'gzip' }
246 silly get cb [ 200,
246 silly get   { date: 'Sun, 29 Mar 2020 12:10:39 GMT',
246 silly get     'content-type': 'application/json',
246 silly get     'transfer-encoding': 'chunked',
246 silly get     connection: 'keep-alive',
246 silly get     'set-cookie': [ '__cfduid=d352b1ee8f5b4533481000241cab3cb9e1585483838; expires=Tue, 28-Apr-20 12:10:38 GMT; path=/; domain=.npmjs.org; HttpOnly; SameSite=Lax' ],
246 silly get     'cf-ray': '57b97d256b17df57-BOM',
246 silly get     'cache-control': 'public, max-age=300',
246 silly get     etag: 'W/"1d876616476f98c21a808578d76a2b0d"',
246 silly get     'last-modified': 'Wed, 10 Apr 2019 12:06:08 GMT',
246 silly get     vary: 'accept-encoding, accept',
246 silly get     'cf-cache-status': 'EXPIRED',
246 silly get     'expect-ct': 'max-age=604800, report-uri="https://report-uri.cloudflare.com/cdn-cgi/beacon/expect-ct"',
246 silly get     server: 'cloudflare',
246 silly get     'content-encoding': 'gzip' } ]
247 verbose get saving log to /home/gslab/.npm/registry.npmjs.org/log/.cache.json
248 silly resolveWithNewModule stdio@0.2.7 checking installable status
249 silly cache add args [ 'stdio@^0.2.3', null ]
250 verbose cache add spec stdio@^0.2.3
251 silly cache add parsed spec Result {
251 silly cache add   raw: 'stdio@^0.2.3',
251 silly cache add   scope: null,
251 silly cache add   name: 'stdio',
251 silly cache add   rawSpec: '^0.2.3',
251 silly cache add   spec: '>=0.2.3 <0.3.0',
251 silly cache add   type: 'range' }
252 silly addNamed stdio@>=0.2.3 <0.3.0
253 verbose addNamed ">=0.2.3 <0.3.0" is a valid semver range for stdio
254 silly addNameRange { name: 'stdio', range: '>=0.2.3 <0.3.0', hasData: false }
255 silly mapToRegistry name stdio
256 silly mapToRegistry using default registry
257 silly mapToRegistry registry https://registry.npmjs.org/
258 silly mapToRegistry uri https://registry.npmjs.org/stdio
259 verbose addNameRange registry:https://registry.npmjs.org/stdio not in flight; fetching
260 http 200 https://registry.npmjs.org/confinode
261 verbose headers { date: 'Sun, 29 Mar 2020 12:10:39 GMT',
261 verbose headers   'content-type': 'application/json',
261 verbose headers   'transfer-encoding': 'chunked',
261 verbose headers   connection: 'keep-alive',
261 verbose headers   'set-cookie': [ '__cfduid=db51d3ba6231831ed0e708b9c7f9dea591585483838; expires=Tue, 28-Apr-20 12:10:38 GMT; path=/; domain=.npmjs.org; HttpOnly; SameSite=Lax' ],
261 verbose headers   'cf-ray': '57b97d2568c0df5b-BOM',
261 verbose headers   'cache-control': 'public, max-age=300',
261 verbose headers   etag: 'W/"9e96e0297d6c8aa51b023c37a5ed4448"',
261 verbose headers   'last-modified': 'Fri, 06 Mar 2020 10:19:27 GMT',
261 verbose headers   vary: 'accept-encoding, accept',
261 verbose headers   'cf-cache-status': 'MISS',
261 verbose headers   'expect-ct': 'max-age=604800, report-uri="https://report-uri.cloudflare.com/cdn-cgi/beacon/expect-ct"',
261 verbose headers   server: 'cloudflare',
261 verbose headers   'content-encoding': 'gzip' }
262 silly get cb [ 200,
262 silly get   { date: 'Sun, 29 Mar 2020 12:10:39 GMT',
262 silly get     'content-type': 'application/json',
262 silly get     'transfer-encoding': 'chunked',
262 silly get     connection: 'keep-alive',
262 silly get     'set-cookie': [ '__cfduid=db51d3ba6231831ed0e708b9c7f9dea591585483838; expires=Tue, 28-Apr-20 12:10:38 GMT; path=/; domain=.npmjs.org; HttpOnly; SameSite=Lax' ],
262 silly get     'cf-ray': '57b97d2568c0df5b-BOM',
262 silly get     'cache-control': 'public, max-age=300',
262 silly get     etag: 'W/"9e96e0297d6c8aa51b023c37a5ed4448"',
262 silly get     'last-modified': 'Fri, 06 Mar 2020 10:19:27 GMT',
262 silly get     vary: 'accept-encoding, accept',
262 silly get     'cf-cache-status': 'MISS',
262 silly get     'expect-ct': 'max-age=604800, report-uri="https://report-uri.cloudflare.com/cdn-cgi/beacon/expect-ct"',
262 silly get     server: 'cloudflare',
262 silly get     'content-encoding': 'gzip' } ]
263 verbose get saving confinode to /home/gslab/.npm/registry.npmjs.org/confinode/.cache.json
264 verbose get https://registry.npmjs.org/stdio not expired, no request
265 silly addNameRange number 2 { name: 'stdio', range: '>=0.2.3 <0.3.0', hasData: true }
266 silly addNameRange versions [ 'stdio',
266 silly addNameRange   [ '0.0.1',
266 silly addNameRange     '0.0.2',
266 silly addNameRange     '0.0.3',
266 silly addNameRange     '0.1.0',
266 silly addNameRange     '0.1.1',
266 silly addNameRange     '0.1.2',
266 silly addNameRange     '0.1.3',
266 silly addNameRange     '0.1.4',
266 silly addNameRange     '0.1.5',
266 silly addNameRange     '0.1.6',
266 silly addNameRange     '0.1.7',
266 silly addNameRange     '0.2.0',
266 silly addNameRange     '0.2.2',
266 silly addNameRange     '0.2.3',
266 silly addNameRange     '0.2.4',
266 silly addNameRange     '0.2.5',
266 silly addNameRange     '0.2.6',
266 silly addNameRange     '0.2.7',
266 silly addNameRange     '2.0.0',
266 silly addNameRange     '2.0.1',
266 silly addNameRange     '2.1.0',
266 silly addNameRange     '2.1.1' ] ]
267 silly addNamed stdio@0.2.7
268 verbose addNamed "0.2.7" is a plain semver version for stdio
269 silly mapToRegistry name stdio
270 silly mapToRegistry using default registry
271 silly mapToRegistry registry https://registry.npmjs.org/
272 silly mapToRegistry uri https://registry.npmjs.org/stdio
273 verbose addRemoteTarball https://registry.npmjs.org/stdio/-/stdio-0.2.7.tgz not in flight; adding
274 verbose addRemoteTarball [ 'https://registry.npmjs.org/stdio/-/stdio-0.2.7.tgz',
274 verbose addRemoteTarball   'a1c57da10fe1cfaa0c3bf683c9d0743d1b660839' ]
275 silly resolveWithNewModule log@1.4.0 checking installable status
276 silly cache add args [ 'log@1.4.*', null ]
277 verbose cache add spec log@1.4.*
278 silly cache add parsed spec Result {
278 silly cache add   raw: 'log@1.4.*',
278 silly cache add   scope: null,
278 silly cache add   name: 'log',
278 silly cache add   rawSpec: '1.4.*',
278 silly cache add   spec: '>=1.4.0 <1.5.0',
278 silly cache add   type: 'range' }
279 silly addNamed log@>=1.4.0 <1.5.0
280 verbose addNamed ">=1.4.0 <1.5.0" is a valid semver range for log
281 silly addNameRange { name: 'log', range: '>=1.4.0 <1.5.0', hasData: false }
282 silly mapToRegistry name log
283 silly mapToRegistry using default registry
284 silly mapToRegistry registry https://registry.npmjs.org/
285 silly mapToRegistry uri https://registry.npmjs.org/log
286 verbose addNameRange registry:https://registry.npmjs.org/log not in flight; fetching
287 info retry fetch attempt 1 at 5:40:39 PM
288 info attempt registry request try #1 at 5:40:39 PM
289 http fetch GET https://registry.npmjs.org/stdio/-/stdio-0.2.7.tgz
290 verbose stack Error: Missing required argument #1
290 verbose stack     at andLogAndFinish (/usr/share/npm/lib/fetch-package-metadata.js:31:3)
290 verbose stack     at fetchPackageMetadata (/usr/share/npm/lib/fetch-package-metadata.js:51:22)
290 verbose stack     at resolveWithNewModule (/usr/share/npm/lib/install/deps.js:456:12)
290 verbose stack     at /usr/share/npm/lib/install/deps.js:457:7
290 verbose stack     at /usr/share/npm/node_modules/iferr/index.js:13:50
290 verbose stack     at /usr/share/npm/lib/fetch-package-metadata.js:37:12
290 verbose stack     at addRequestedAndFinish (/usr/share/npm/lib/fetch-package-metadata.js:82:5)
290 verbose stack     at returnAndAddMetadata (/usr/share/npm/lib/fetch-package-metadata.js:117:7)
290 verbose stack     at pickVersionFromRegistryDocument (/usr/share/npm/lib/fetch-package-metadata.js:134:20)
290 verbose stack     at /usr/share/npm/node_modules/iferr/index.js:13:50
291 verbose cwd /home/gslab/projects/crowdstrike_file_processor/file_processor
292 error Linux 4.4.0-176-generic
293 error argv "/usr/bin/nodejs" "/usr/bin/npm" "install" "-g" "loadtest"
294 error node v4.2.6
295 error npm  v3.5.2
296 error code EMISSINGARG
297 error typeerror Error: Missing required argument #1
297 error typeerror     at andLogAndFinish (/usr/share/npm/lib/fetch-package-metadata.js:31:3)
297 error typeerror     at fetchPackageMetadata (/usr/share/npm/lib/fetch-package-metadata.js:51:22)
297 error typeerror     at resolveWithNewModule (/usr/share/npm/lib/install/deps.js:456:12)
297 error typeerror     at /usr/share/npm/lib/install/deps.js:457:7
297 error typeerror     at /usr/share/npm/node_modules/iferr/index.js:13:50
297 error typeerror     at /usr/share/npm/lib/fetch-package-metadata.js:37:12
297 error typeerror     at addRequestedAndFinish (/usr/share/npm/lib/fetch-package-metadata.js:82:5)
297 error typeerror     at returnAndAddMetadata (/usr/share/npm/lib/fetch-package-metadata.js:117:7)
297 error typeerror     at pickVersionFromRegistryDocument (/usr/share/npm/lib/fetch-package-metadata.js:134:20)
297 error typeerror     at /usr/share/npm/node_modules/iferr/index.js:13:50
298 error typeerror This is an error with npm itself. Please report this error at:
298 error typeerror     <http://github.com/npm/npm/issues>
299 verbose exit [ 1, true ]
